Removed Pin From Net: NetName=GND Pin=C3-2
Removed Pin From Net: NetName=GND Pin=C4-1
Removed Pin From Net: NetName=2V2 Pin=C4-2
Removed Pin From Net: NetName=GND Pin=C7-1
Removed Pin From Net: NetName=GND Pin=C8-1
Removed Pin From Net: NetName=VDD_ Pin=C8-2
Removed Pin From Net: NetName=GND Pin=C9-2
Removed Pin From Net: NetName=GND Pin=C10-1
Removed Pin From Net: NetName=GND Pin=C11-1
Removed Pin From Net: NetName=GND Pin=C12-2
Removed Pin From Net: NetName=VDD_ Pin=DA1-4
Removed Pin From Net: NetName=2V2 Pin=DA1-5
Removed Pin From Net: NetName=GND Pin=DA1-7
Removed Pin From Net: NetName=NetC5_2 Pin=DA1-10
Removed Pin From Net: NetName=GND Pin=T1-3
Removed Pin From Net: NetName=ANTENNA Pin=X?-2
Change Component Footprint: Designator=C3 Old Footprint=B_CASE New Footprint=C_0603
Change Component Footprint: Designator=C4 Old Footprint=C_0603 New Footprint=EECF5R5u
Change Component Footprint: Designator=DA1 Old Footprint=DFN-12 New Footprint=VQFN-16
Change Component Footprint: Designator=X1 Old Footprint=KT New Footprint=KT_2
Change Component Comment : Designator=C4 Old Comment=0,1 ìê New Comment=1Ô 5,5Â
Change Component Comment : Designator=C6 Old Comment=220 New Comment=10000
Change Component Comment : Designator=C3 Old Comment=220 ìê New Comment=4,7 ìê
Change Component Comment : Designator=C5 Old Comment=1000 New Comment=4,7 ìê
Change Component Comment : Designator=DA1 Old Comment=LTC3108EDE New Comment=BQ25504RGTT
Change Component Designator: OldDesignator=XP? NewDesignator=XP2
Change Component Designator: OldDesignator=ZQ? NewDesignator=ZQ1
Change component parameters: Designator = "C6" ("C6"); Footprint = "C_0603"; UniqueID = "\CGVWFLSK\QTWTKHMC" ("\CGVWFLSK\QTWTKHMC")
Change component parameters (AddParameter): Name = "Component Type"; Value = "Capasitor"; VariantName = "[No Variations]"
Change component parameters (AddParameter): Name = "ComponentLink1Description"; Value = "Datasheet"; VariantName = "[No Variations]"
Change component parameters (AddParameter): Name = "ComponentLink1URL"; Value = "https://www.murata.com/~/media/webrenewal/support/library/catalog/products/capacitor/mlcc/c02e.ashx?la=en-us"; VariantName = "[No Variations]"
Change component parameters (AddParameter): Name = "Manufacturer"; Value = "Murata Electronics"; VariantName = "[No Variations]"
Change component parameters (AddParameter): Name = "Part Number"; Value = "GRM1857U1A103JA44D"; VariantName = "[No Variations]"
Change component parameters (AddParameter): Name = "Value"; Value = "10000pF"; VariantName = "[No Variations]"
Change component parameters: Designator = "C5" ("C5"); Footprint = "C_0603"; UniqueID = "\CGVWFLSK\QKFMRRGE" ("\CGVWFLSK\QKFMRRGE")
Change component parameters (AddParameter): Name = "Component Type"; Value = "Capasitor"; VariantName = "[No Variations]"
Change component parameters (AddParameter): Name = "ComponentLink1Description"; Value = "Datasheet"; VariantName = "[No Variations]"
Change component parameters (AddParameter): Name = "ComponentLink1URL"; Value = "https://search.murata.co.jp/Ceramy/image/img/A01X/G101/ENG/GRM185C81A475KE11-01.pdf"; VariantName = "[No Variations]"
Change component parameters (AddParameter): Name = "Manufacturer"; Value = "Murata Electronics"; VariantName = "[No Variations]"
Change component parameters (AddParameter): Name = "Part Number"; Value = "GRM185C81A475KE11D"; VariantName = "[No Variations]"
Change component parameters (AddParameter): Name = "Value"; Value = "4.7µF"; VariantName = "[No Variations]"
Change component parameters: Designator = "C3" ("C3"); Footprint = "B_CASE"; UniqueID = "\CGVWFLSK\EVVTHSYN" ("\CGVWFLSK\EVVTHSYN")
Change component parameters (AddParameter): Name = "Component Type"; Value = "Capasitor"; VariantName = "[No Variations]"
Change component parameters (AddParameter): Name = "ComponentLink1Description"; Value = "Datasheet"; VariantName = "[No Variations]"
Change component parameters (AddParameter): Name = "ComponentLink1URL"; Value = "https://search.murata.co.jp/Ceramy/image/img/A01X/G101/ENG/GRM185C81A475KE11-01.pdf"; VariantName = "[No Variations]"
Change component parameters (AddParameter): Name = "Manufacturer"; Value = "Murata Electronics"; VariantName = "[No Variations]"
Change component parameters (AddParameter): Name = "Part Number"; Value = "GRM185C81A475KE11D"; VariantName = "[No Variations]"
Change component parameters (AddParameter): Name = "Value"; Value = "4.7µF"; VariantName = "[No Variations]"
Change component parameters: Designator = "C4" ("C4"); Footprint = "C_0603"; UniqueID = "\CGVWFLSK\MKWOVDFS" ("\CGVWFLSK\MKWOVDFS")
Change component parameters: Designator = "DA1" ("DA1"); Footprint = "DFN-12"; UniqueID = "\CGVWFLSK\EMPQVYPR" ("\CGVWFLSK\EMPQVYPR")
Change component parameters (AddParameter): Name = "Arrow Part Number"; Value = "BQ25504RGTT"; VariantName = "[No Variations]"
Change component parameters (AddParameter): Name = "Arrow Price/Stock"; Value = "https://www.arrow.com/en/products/bq25504rgtt/texas-instruments?region=nac"; VariantName = "[No Variations]"
Change component parameters (AddParameter): Name = "Datasheet Link"; Value = "http://www.ti.com/general/docs/lit/getliterature.tsp?genericPartNumber=BQ25504&&fileType=pdf"; VariantName = "[No Variations]"
Change component parameters (AddParameter): Name = "Height"; Value = "1mm"; VariantName = "[No Variations]"
Change component parameters (AddParameter): Name = "Manufacturer_Name"; Value = "Texas Instruments"; VariantName = "[No Variations]"
Change component parameters (AddParameter): Name = "Manufacturer_Part_Number"; Value = "BQ25504RGTT"; VariantName = "[No Variations]"
Change component parameters (AddParameter): Name = "Mouser Part Number"; Value = "595-BQ25504RGTT"; VariantName = "[No Variations]"
Change component parameters (AddParameter): Name = "Mouser Price/Stock"; Value = "https://www.mouser.co.uk/ProductDetail/Texas-Instruments/BQ25504RGTT?qs=LDM2r2BBpnbezhyy8cKCSA%3D%3D"; VariantName = "[No Variations]"
Added Component: Designator=L1(L_1812)
Added Component: Designator=R2(R_0603)
Add component (AddParameter): Name = "Component Type"; Value = "Resistor"; VariantName = "[No Variations]"
Add component (AddParameter): Name = "ComponentLink1Description"; Value = "Datasheet"; VariantName = "[No Variations]"
Add component (AddParameter): Name = "ComponentLink1URL"; Value = "https://www.bourns.com/pdfs/chpreztr.pdf"; VariantName = "[No Variations]"
Add component (AddParameter): Name = "Manufacturer"; Value = "Bourns Inc."; VariantName = "[No Variations]"
Add component (AddParameter): Name = "Part Number"; Value = "CR0603-FX-4994ELF"; VariantName = "[No Variations]"
Add component (AddParameter): Name = "Value"; Value = "4,99 M"; VariantName = "[No Variations]"
Added Component: Designator=R3(R_0603)
Add component (AddParameter): Name = "Component Type"; Value = "Resistor"; VariantName = "[No Variations]"
Add component (AddParameter): Name = "ComponentLink1Description"; Value = "Datasheet"; VariantName = "[No Variations]"
Add component (AddParameter): Name = "ComponentLink1URL"; Value = "https://www.bourns.com/pdfs/chpreztr.pdf"; VariantName = "[No Variations]"
Add component (AddParameter): Name = "Manufacturer"; Value = "Bourns Inc."; VariantName = "[No Variations]"
Add component (AddParameter): Name = "Part Number"; Value = "CR0603-FX-4994ELF"; VariantName = "[No Variations]"
Add component (AddParameter): Name = "Value"; Value = "4,99 M"; VariantName = "[No Variations]"
Added Component: Designator=R4(R_0603)
Add component (AddParameter): Name = "Component Type"; Value = "Resistor"; VariantName = "[No Variations]"
Add component (AddParameter): Name = "ComponentLink1Description"; Value = "Datasheet"; VariantName = "[No Variations]"
Add component (AddParameter): Name = "ComponentLink1URL"; Value = "https://www.bourns.com/pdfs/chpreztr.pdf"; VariantName = "[No Variations]"
Add component (AddParameter): Name = "Manufacturer"; Value = "Bourns Inc."; VariantName = "[No Variations]"
Add component (AddParameter): Name = "Part Number"; Value = "CR0603-FX-3094ELF"; VariantName = "[No Variations]"
Add component (AddParameter): Name = "Value"; Value = "3,09 M"; VariantName = "[No Variations]"
Added Pin To Net: NetName=GND Pin=C3-1
Added Pin To Net: NetName=GND Pin=C4-2
Added Pin To Net: NetName=GND Pin=C5-1
Added Pin To Net: NetName=GND Pin=C6-2
Added Pin To Net: NetName=ANTENNA Pin=D1-9
Added Pin To Net: NetName=GND Pin=DA1-1
Added Pin To Net: NetName=NetC5_2 Pin=DA1-2
Added Pin To Net: NetName=GND Pin=DA1-12
Added Pin To Net: NetName=NetC5_2 Pin=L1-1
Added Pin To Net: NetName=NetC5_2 Pin=R2-2
Added Pin To Net: NetName=GND Pin=R3-1
Added Pin To Net: NetName=NetC5_2 Pin=XP1-1
Added Pin To Net: NetName=NetC3_2 Pin=C3-2
Added Pin To Net: NetName=NetC3_2 Pin=DA1-15
Added Net: Name=NetC3_2
Added Pin To Net: NetName=NetC4_1 Pin=C4-1
Added Pin To Net: NetName=NetC4_1 Pin=DA1-14
Added Net: Name=NetC4_1
Added Pin To Net: NetName=NetC6_1 Pin=C6-1
Added Pin To Net: NetName=NetC6_1 Pin=DA1-4
Added Net: Name=NetC6_1
Added Pin To Net: NetName=NetDA1_3 Pin=DA1-3
Added Pin To Net: NetName=NetDA1_3 Pin=R2-1
Added Pin To Net: NetName=NetDA1_3 Pin=R3-2
Added Net: Name=NetDA1_3
Added Pin To Net: NetName=NetDA1_11 Pin=DA1-11
Added Pin To Net: NetName=NetDA1_11 Pin=DD1-10
Added Net: Name=NetDA1_11
Added Pin To Net: NetName=NetDA1_16 Pin=DA1-16
Added Pin To Net: NetName=NetDA1_16 Pin=L1-2
Added Net: Name=NetDA1_16
Added Pin To Net: NetName=NetDD1_14 Pin=DD1-14
Added Net: Name=NetDD1_14
