Removed Pin From Net: NetName=TD_P Pin=R6-1
Removed Pin From Net: NetName=3V3 Pin=R6-2
Removed Pin From Net: NetName=TD_N Pin=R7-1
Removed Pin From Net: NetName=NetDD1_25 Pin=R17-1
Change Component Footprint: Designator=R6 Old Footprint=R_0805 New Footprint=R_0603
Change Component Footprint: Designator=R7 Old Footprint=R_0805 New Footprint=R_0603
Change Component Footprint: Designator=R8 Old Footprint=R_0805 New Footprint=R_0603
Change Component Footprint: Designator=R13 Old Footprint=R_0805 New Footprint=R_0603
Change Component Footprint: Designator=R14 Old Footprint=R_0805 New Footprint=R_0603
Change Component Footprint: Designator=R15 Old Footprint=R_0805 New Footprint=R_0603
Change Component Footprint: Designator=R16 Old Footprint=R_0805 New Footprint=R_0603
Change Component Footprint: Designator=R17 Old Footprint=R_0805 New Footprint=R_0603
Change Component Comment : Designator=R14 Old Comment=12,4ê New Comment=12,4 ê
Change Component Comment : Designator=R6 Old Comment=49.9 New Comment=49,9
Change Component Comment : Designator=R7 Old Comment=49.9 New Comment=49,9
Change Component Comment : Designator=R13 Old Comment=49.9 New Comment=49,9
Change Component Comment : Designator=R15 Old Comment=49.9 New Comment=49,9
Change component parameters: Designator = "R6" ("R6"); Footprint = "R_0805"; UniqueID = "\WTLJYAIF" ("\WTLJYAIF")
Change component parameters (AddParameter): Name = "Component Type"; Value = "Resistor"; VariantName = "[No Variations]"
Change component parameters (AddParameter): Name = "ComponentLink1Description"; Value = "Datasheet"; VariantName = "[No Variations]"
Change component parameters (AddParameter): Name = "ComponentLink1URL"; Value = "https://www.bourns.com/pdfs/chpreztr.pdf"; VariantName = "[No Variations]"
Change component parameters (AddParameter): Name = "Manufacturer"; Value = "Bourns Inc."; VariantName = "[No Variations]"
Change component parameters (AddParameter): Name = "Part Number"; Value = "CR0603-FX-49R9ELF"; VariantName = "[No Variations]"
Change component parameters (AddParameter): Name = "Value"; Value = "49,9"; VariantName = "[No Variations]"
Change component parameters: Designator = "R7" ("R7"); Footprint = "R_0805"; UniqueID = "\KTNTNFOA" ("\KTNTNFOA")
Change component parameters (AddParameter): Name = "Component Type"; Value = "Resistor"; VariantName = "[No Variations]"
Change component parameters (AddParameter): Name = "ComponentLink1Description"; Value = "Datasheet"; VariantName = "[No Variations]"
Change component parameters (AddParameter): Name = "ComponentLink1URL"; Value = "https://www.bourns.com/pdfs/chpreztr.pdf"; VariantName = "[No Variations]"
Change component parameters (AddParameter): Name = "Manufacturer"; Value = "Bourns Inc."; VariantName = "[No Variations]"
Change component parameters (AddParameter): Name = "Part Number"; Value = "CR0603-FX-49R9ELF"; VariantName = "[No Variations]"
Change component parameters (AddParameter): Name = "Value"; Value = "49,9"; VariantName = "[No Variations]"
Change component parameters: Designator = "R8" ("R8"); Footprint = "R_0805"; UniqueID = "\ZWZVVEVE" ("\ZWZVVEVE")
Change component parameters (AddParameter): Name = "Component Type"; Value = "Resistor"; VariantName = "[No Variations]"
Change component parameters (AddParameter): Name = "ComponentLink1Description"; Value = "Datasheet"; VariantName = "[No Variations]"
Change component parameters (AddParameter): Name = "ComponentLink1URL"; Value = "https://www.bourns.com/pdfs/chpreztr.pdf"; VariantName = "[No Variations]"
Change component parameters (AddParameter): Name = "Manufacturer"; Value = "Bourns Inc."; VariantName = "[No Variations]"
Change component parameters (AddParameter): Name = "Part Number"; Value = "CR0603-FX-10R0ELF"; VariantName = "[No Variations]"
Change component parameters (AddParameter): Name = "Value"; Value = "10"; VariantName = "[No Variations]"
Change component parameters: Designator = "R13" ("R13"); Footprint = "R_0805"; UniqueID = "\AFDVVQNF" ("\AFDVVQNF")
Change component parameters (AddParameter): Name = "Component Type"; Value = "Resistor"; VariantName = "[No Variations]"
Change component parameters (AddParameter): Name = "ComponentLink1Description"; Value = "Datasheet"; VariantName = "[No Variations]"
Change component parameters (AddParameter): Name = "ComponentLink1URL"; Value = "https://www.bourns.com/pdfs/chpreztr.pdf"; VariantName = "[No Variations]"
Change component parameters (AddParameter): Name = "Manufacturer"; Value = "Bourns Inc."; VariantName = "[No Variations]"
Change component parameters (AddParameter): Name = "Part Number"; Value = "CR0603-FX-49R9ELF"; VariantName = "[No Variations]"
Change component parameters (AddParameter): Name = "Value"; Value = "49,9"; VariantName = "[No Variations]"
Change component parameters: Designator = "R14" ("R14"); Footprint = "R_0805"; UniqueID = "\FAROURKO" ("\FAROURKO")
Change component parameters (AddParameter): Name = "Component Type"; Value = "Resistor"; VariantName = "[No Variations]"
Change component parameters (AddParameter): Name = "ComponentLink1Description"; Value = "Datasheet"; VariantName = "[No Variations]"
Change component parameters (AddParameter): Name = "ComponentLink1URL"; Value = "https://www.bourns.com/pdfs/chpreztr.pdf"; VariantName = "[No Variations]"
Change component parameters (AddParameter): Name = "Manufacturer"; Value = "Bourns Inc."; VariantName = "[No Variations]"
Change component parameters (AddParameter): Name = "Part Number"; Value = "CR0603-FX-1242ELF"; VariantName = "[No Variations]"
Change component parameters (AddParameter): Name = "Value"; Value = "12,4 ê"; VariantName = "[No Variations]"
Change component parameters: Designator = "R15" ("R15"); Footprint = "R_0805"; UniqueID = "\HFPVGNMH" ("\HFPVGNMH")
Change component parameters (AddParameter): Name = "Component Type"; Value = "Resistor"; VariantName = "[No Variations]"
Change component parameters (AddParameter): Name = "ComponentLink1Description"; Value = "Datasheet"; VariantName = "[No Variations]"
Change component parameters (AddParameter): Name = "ComponentLink1URL"; Value = "https://www.bourns.com/pdfs/chpreztr.pdf"; VariantName = "[No Variations]"
Change component parameters (AddParameter): Name = "Manufacturer"; Value = "Bourns Inc."; VariantName = "[No Variations]"
Change component parameters (AddParameter): Name = "Part Number"; Value = "CR0603-FX-49R9ELF"; VariantName = "[No Variations]"
Change component parameters (AddParameter): Name = "Value"; Value = "49,9"; VariantName = "[No Variations]"
Change component parameters: Designator = "R16" ("R16"); Footprint = "R_0805"; UniqueID = "\LGQVOBKK" ("\LGQVOBKK")
Change component parameters (AddParameter): Name = "Component Type"; Value = "Resistor"; VariantName = "[No Variations]"
Change component parameters (AddParameter): Name = "ComponentLink1Description"; Value = "Datasheet"; VariantName = "[No Variations]"
Change component parameters (AddParameter): Name = "ComponentLink1URL"; Value = "https://www.bourns.com/pdfs/chpreztr.pdf"; VariantName = "[No Variations]"
Change component parameters (AddParameter): Name = "Manufacturer"; Value = "Bourns Inc."; VariantName = "[No Variations]"
Change component parameters (AddParameter): Name = "Part Number"; Value = "CR0603-FX-3300ELF"; VariantName = "[No Variations]"
Change component parameters (AddParameter): Name = "Value"; Value = "330"; VariantName = "[No Variations]"
Change component parameters: Designator = "R17" ("R17"); Footprint = "R_0805"; UniqueID = "\LYOGRNYB" ("\LYOGRNYB")
Change component parameters (AddParameter): Name = "Component Type"; Value = "Resistor"; VariantName = "[No Variations]"
Change component parameters (AddParameter): Name = "ComponentLink1Description"; Value = "Datasheet"; VariantName = "[No Variations]"
Change component parameters (AddParameter): Name = "ComponentLink1URL"; Value = "https://www.bourns.com/pdfs/chpreztr.pdf"; VariantName = "[No Variations]"
Change component parameters (AddParameter): Name = "Manufacturer"; Value = "Bourns Inc."; VariantName = "[No Variations]"
Change component parameters (AddParameter): Name = "Part Number"; Value = "CR0603-FX-3300ELF"; VariantName = "[No Variations]"
Change component parameters (AddParameter): Name = "Value"; Value = "330"; VariantName = "[No Variations]"
Added Pin To Net: NetName=TD_P Pin=R7-1
Added Pin To Net: NetName=NetDD1_25 Pin=R17-2
Added Pin To Net: NetName=NetR17_1 Pin=R17-1
Added Pin To Net: NetName=NetR17_1 Pin=XS1-11
Added Net: Name=NetR17_1
Added Member To Class: ClassName=Sheet2 Member=Component C16 6800
Added Member To Class: ClassName=Sheet2 Member=Component C19 6800
Added Member To Class: ClassName=Sheet2 Member=Component C22 22
