Added Component: Designator=C1(C_0603)
Add component (AddParameter): Name = "Component Type"; Value = "Capasitor"; VariantName = "[No Variations]"
Add component (AddParameter): Name = "ComponentLink1Description"; Value = "Datasheet"; VariantName = "[No Variations]"
Add component (AddParameter): Name = "ComponentLink1URL"; Value = "https://search.murata.co.jp/Ceramy/image/img/A01X/G101/ENG/GRM188R72A104MA35-01.pdf"; VariantName = "[No Variations]"
Add component (AddParameter): Name = "Manufacturer"; Value = "Murata Electronics"; VariantName = "[No Variations]"
Add component (AddParameter): Name = "Part Number"; Value = "GRM188R72A104MA35D"; VariantName = "[No Variations]"
Add component (AddParameter): Name = "Value"; Value = "0.1µF"; VariantName = "[No Variations]"
Added Component: Designator=C2(C_0603)
Add component (AddParameter): Name = "Component Type"; Value = "Capasitor"; VariantName = "[No Variations]"
Add component (AddParameter): Name = "ComponentLink1Description"; Value = "Datasheet"; VariantName = "[No Variations]"
Add component (AddParameter): Name = "ComponentLink1URL"; Value = "https://search.murata.co.jp/Ceramy/image/img/A01X/G101/ENG/GRM188R72A104MA35-01.pdf"; VariantName = "[No Variations]"
Add component (AddParameter): Name = "Manufacturer"; Value = "Murata Electronics"; VariantName = "[No Variations]"
Add component (AddParameter): Name = "Part Number"; Value = "GRM188R72A104MA35D"; VariantName = "[No Variations]"
Add component (AddParameter): Name = "Value"; Value = "0.1µF"; VariantName = "[No Variations]"
Added Component: Designator=C3(D_CASE)
Add component (AddParameter): Name = "Component Type"; Value = "Tantalum Capacitor"; VariantName = "[No Variations]"
Add component (AddParameter): Name = "ComponentLink1Description"; Value = "Datasheet"; VariantName = "[No Variations]"
Add component (AddParameter): Name = "ComponentLink1URL"; Value = "https://api.kemet.com/component-edge/download/datasheet/T491D106K035AT.pdf"; VariantName = "[No Variations]"
Add component (AddParameter): Name = "Manufacturer"; Value = "KEMET"; VariantName = "[No Variations]"
Add component (AddParameter): Name = "Part Number"; Value = "T491D106K035AT"; VariantName = "[No Variations]"
Add component (AddParameter): Name = "Value"; Value = "10µF"; VariantName = "[No Variations]"
Added Component: Designator=C4(C_0805)
Added Component: Designator=C5(C_0805)
Added Component: Designator=C6(C_0805)
Added Component: Designator=C7(C_0805)
Added Component: Designator=C8(C_0805)
Added Component: Designator=C9(C_0603)
Add component (AddParameter): Name = "Component Type"; Value = "Capasitor"; VariantName = "[No Variations]"
Add component (AddParameter): Name = "ComponentLink1Description"; Value = "Datasheet"; VariantName = "[No Variations]"
Add component (AddParameter): Name = "ComponentLink1URL"; Value = "https://search.murata.co.jp/Ceramy/image/img/A01X/G101/ENG/GRM188R72A104MA35-01.pdf"; VariantName = "[No Variations]"
Add component (AddParameter): Name = "Manufacturer"; Value = "Murata Electronics"; VariantName = "[No Variations]"
Add component (AddParameter): Name = "Part Number"; Value = "GRM188R72A104MA35D"; VariantName = "[No Variations]"
Add component (AddParameter): Name = "Value"; Value = "0.1µF"; VariantName = "[No Variations]"
Added Component: Designator=C10(C_0603)
Add component (AddParameter): Name = "Component Type"; Value = "Capasitor"; VariantName = "[No Variations]"
Add component (AddParameter): Name = "ComponentLink1Description"; Value = "Datasheet"; VariantName = "[No Variations]"
Add component (AddParameter): Name = "ComponentLink1URL"; Value = "https://search.murata.co.jp/Ceramy/image/img/A01X/G101/ENG/GRM188R72A104MA35-01.pdf"; VariantName = "[No Variations]"
Add component (AddParameter): Name = "Manufacturer"; Value = "Murata Electronics"; VariantName = "[No Variations]"
Add component (AddParameter): Name = "Part Number"; Value = "GRM188R72A104MA35D"; VariantName = "[No Variations]"
Add component (AddParameter): Name = "Value"; Value = "0.1µF"; VariantName = "[No Variations]"
Added Component: Designator=C11(C_0603)
Add component (AddParameter): Name = "Component Type"; Value = "Capasitor"; VariantName = "[No Variations]"
Add component (AddParameter): Name = "ComponentLink1Description"; Value = "Datasheet"; VariantName = "[No Variations]"
Add component (AddParameter): Name = "ComponentLink1URL"; Value = "https://search.murata.co.jp/Ceramy/image/img/A01X/G101/ENG/GRM188R72A104MA35-01.pdf"; VariantName = "[No Variations]"
Add component (AddParameter): Name = "Manufacturer"; Value = "Murata Electronics"; VariantName = "[No Variations]"
Add component (AddParameter): Name = "Part Number"; Value = "GRM188R72A104MA35D"; VariantName = "[No Variations]"
Add component (AddParameter): Name = "Value"; Value = "0.1µF"; VariantName = "[No Variations]"
Added Component: Designator=C12(C_0603)
Add component (AddParameter): Name = "Component Type"; Value = "Capasitor"; VariantName = "[No Variations]"
Add component (AddParameter): Name = "ComponentLink1Description"; Value = "Datasheet"; VariantName = "[No Variations]"
Add component (AddParameter): Name = "ComponentLink1URL"; Value = "https://search.murata.co.jp/Ceramy/image/img/A01X/G101/ENG/GRM188R72A104MA35-01.pdf"; VariantName = "[No Variations]"
Add component (AddParameter): Name = "Manufacturer"; Value = "Murata Electronics"; VariantName = "[No Variations]"
Add component (AddParameter): Name = "Part Number"; Value = "GRM188R72A104MA35D"; VariantName = "[No Variations]"
Add component (AddParameter): Name = "Value"; Value = "0.1µF"; VariantName = "[No Variations]"
Added Component: Designator=C13(C_0603)
Add component (AddParameter): Name = "Component Type"; Value = "Capasitor"; VariantName = "[No Variations]"
Add component (AddParameter): Name = "ComponentLink1Description"; Value = "Datasheet"; VariantName = "[No Variations]"
Add component (AddParameter): Name = "ComponentLink1URL"; Value = "https://search.murata.co.jp/Ceramy/image/img/A01X/G101/ENG/GRM188R72A104MA35-01.pdf"; VariantName = "[No Variations]"
Add component (AddParameter): Name = "Manufacturer"; Value = "Murata Electronics"; VariantName = "[No Variations]"
Add component (AddParameter): Name = "Part Number"; Value = "GRM188R72A104MA35D"; VariantName = "[No Variations]"
Add component (AddParameter): Name = "Value"; Value = "0.1µF"; VariantName = "[No Variations]"
Added Component: Designator=C14(C_0603)
Add component (AddParameter): Name = "Component Type"; Value = "Capasitor"; VariantName = "[No Variations]"
Add component (AddParameter): Name = "ComponentLink1Description"; Value = "Datasheet"; VariantName = "[No Variations]"
Add component (AddParameter): Name = "ComponentLink1URL"; Value = "https://search.murata.co.jp/Ceramy/image/img/A01X/G101/ENG/GRM188R61C475KE11-01.pdf"; VariantName = "[No Variations]"
Add component (AddParameter): Name = "Manufacturer"; Value = "Murata Electronics"; VariantName = "[No Variations]"
Add component (AddParameter): Name = "Part Number"; Value = "GRM188R61C475KE11D"; VariantName = "[No Variations]"
Add component (AddParameter): Name = "Value"; Value = "4.7µF"; VariantName = "[No Variations]"
Added Component: Designator=C15(C_0805)
Added Component: Designator=C16(C_0603)
Add component (AddParameter): Name = "Component Type"; Value = "Capasitor"; VariantName = "[No Variations]"
Add component (AddParameter): Name = "ComponentLink1Description"; Value = "Datasheet"; VariantName = "[No Variations]"
Add component (AddParameter): Name = "ComponentLink1URL"; Value = "https://search.murata.co.jp/Ceramy/image/img/A01X/G101/ENG/GRM188R72A104MA35-01.pdf"; VariantName = "[No Variations]"
Add component (AddParameter): Name = "Manufacturer"; Value = "Murata Electronics"; VariantName = "[No Variations]"
Add component (AddParameter): Name = "Part Number"; Value = "GRM188R72A104MA35D"; VariantName = "[No Variations]"
Add component (AddParameter): Name = "Value"; Value = "0.1µF"; VariantName = "[No Variations]"
Added Component: Designator=C17(C_0603)
Add component (AddParameter): Name = "Component Type"; Value = "Capasitor"; VariantName = "[No Variations]"
Add component (AddParameter): Name = "ComponentLink1Description"; Value = "Datasheet"; VariantName = "[No Variations]"
Add component (AddParameter): Name = "ComponentLink1URL"; Value = "https://search.murata.co.jp/Ceramy/image/img/A01X/G101/ENG/GRM188R72A104MA35-01.pdf"; VariantName = "[No Variations]"
Add component (AddParameter): Name = "Manufacturer"; Value = "Murata Electronics"; VariantName = "[No Variations]"
Add component (AddParameter): Name = "Part Number"; Value = "GRM188R72A104MA35D"; VariantName = "[No Variations]"
Add component (AddParameter): Name = "Value"; Value = "0.1µF"; VariantName = "[No Variations]"
Added Component: Designator=C18(C_0805)
Added Component: Designator=C19(C_0805)
Added Component: Designator=C20(C_0805)
Added Component: Designator=C21(C_0805)
Added Component: Designator=C22(C_0805)
Added Component: Designator=D1(RFM98W)
Added Component: Designator=D2(IRM-02)
Added Component: Designator=DD1(LQFP48)
Added Component: Designator=DD2(LQFP48)
Added Component: Designator=FU1(FHP-105)
Added Component: Designator=HL1(LED_0805_GREEN)
Added Component: Designator=HL2(LED_0805_GREEN)
Added Component: Designator=R1(R_0603)
Add component (AddParameter): Name = "Component Type"; Value = "Resistor"; VariantName = "[No Variations]"
Add component (AddParameter): Name = "ComponentLink1Description"; Value = "Datasheet"; VariantName = "[No Variations]"
Add component (AddParameter): Name = "ComponentLink1URL"; Value = "https://www.bourns.com/pdfs/chpreztr.pdf"; VariantName = "[No Variations]"
Add component (AddParameter): Name = "Manufacturer"; Value = "Bourns Inc."; VariantName = "[No Variations]"
Add component (AddParameter): Name = "Part Number"; Value = "CR0603-FX-1003ELF"; VariantName = "[No Variations]"
Add component (AddParameter): Name = "Value"; Value = "100 êÎì"; VariantName = "[No Variations]"
Added Component: Designator=R2(R_0603)
Add component (AddParameter): Name = "Component Type"; Value = "Resistor"; VariantName = "[No Variations]"
Add component (AddParameter): Name = "ComponentLink1Description"; Value = "Datasheet"; VariantName = "[No Variations]"
Add component (AddParameter): Name = "ComponentLink1URL"; Value = "https://www.bourns.com/pdfs/chpreztr.pdf"; VariantName = "[No Variations]"
Add component (AddParameter): Name = "Manufacturer"; Value = "Bourns Inc."; VariantName = "[No Variations]"
Add component (AddParameter): Name = "Part Number"; Value = "CR0603-FX-2201ELF"; VariantName = "[No Variations]"
Add component (AddParameter): Name = "Value"; Value = "2,2 ê"; VariantName = "[No Variations]"
Added Component: Designator=R3(R_0603)
Add component (AddParameter): Name = "Component Type"; Value = "Resistor"; VariantName = "[No Variations]"
Add component (AddParameter): Name = "ComponentLink1Description"; Value = "Datasheet"; VariantName = "[No Variations]"
Add component (AddParameter): Name = "ComponentLink1URL"; Value = "https://www.bourns.com/pdfs/chpreztr.pdf"; VariantName = "[No Variations]"
Add component (AddParameter): Name = "Manufacturer"; Value = "Bourns Inc."; VariantName = "[No Variations]"
Add component (AddParameter): Name = "Part Number"; Value = "CR0603-FX-2201ELF"; VariantName = "[No Variations]"
Add component (AddParameter): Name = "Value"; Value = "2,2 ê"; VariantName = "[No Variations]"
Added Component: Designator=R4(R_0805)
Added Component: Designator=R5(R_0805)
Added Component: Designator=R6(R_0805)
Added Component: Designator=R7(R_0805)
Added Component: Designator=R8(R_0805)
Added Component: Designator=R9(R_0805)
Added Component: Designator=R10(R_0603)
Add component (AddParameter): Name = "Component Type"; Value = "Resistor"; VariantName = "[No Variations]"
Add component (AddParameter): Name = "ComponentLink1Description"; Value = "Datasheet"; VariantName = "[No Variations]"
Add component (AddParameter): Name = "ComponentLink1URL"; Value = "https://www.bourns.com/pdfs/chpreztr.pdf"; VariantName = "[No Variations]"
Add component (AddParameter): Name = "Manufacturer"; Value = "Bourns Inc."; VariantName = "[No Variations]"
Add component (AddParameter): Name = "Part Number"; Value = "CR0603-FX-1002ELF"; VariantName = "[No Variations]"
Add component (AddParameter): Name = "Value"; Value = "10 ê"; VariantName = "[No Variations]"
Added Component: Designator=R11(R_0805)
Added Component: Designator=R12(R_0805)
Added Component: Designator=SW1(7914G)
Added Component: Designator=X1(Solder_jumper)
Added Component: Designator=X2(Solder_jumper)
Added Component: Designator=X3(Solder_jumper)
Added Component: Designator=XP1(MPW-3)
Added Component: Designator=XP2(PLS2-5)
Added Component: Designator=XS1(KLS12-TL051)
Added Component: Designator=XW1(COAX_TO_PCB)
Added Component: Designator=ZQ1(MJ CRYSTAL)
Added Component: Designator=ZQ2(MQ CRYSTAL)
Added Pin To Net: NetName=3V3 Pin=C1-2
Added Pin To Net: NetName=3V3 Pin=C6-2
Added Pin To Net: NetName=3V3 Pin=C9-2
Added Pin To Net: NetName=3V3 Pin=C10-2
Added Pin To Net: NetName=3V3 Pin=C11-2
Added Pin To Net: NetName=3V3 Pin=C12-2
Added Pin To Net: NetName=3V3 Pin=C13-2
Added Pin To Net: NetName=3V3 Pin=C14-2
Added Pin To Net: NetName=3V3 Pin=C16-2
Added Pin To Net: NetName=3V3 Pin=C17-2
Added Pin To Net: NetName=3V3 Pin=D1-13
Added Pin To Net: NetName=3V3 Pin=D2-4
Added Pin To Net: NetName=3V3 Pin=DD1-4
Added Pin To Net: NetName=3V3 Pin=DD1-8
Added Pin To Net: NetName=3V3 Pin=DD1-11
Added Pin To Net: NetName=3V3 Pin=DD1-15
Added Pin To Net: NetName=3V3 Pin=DD1-17
Added Pin To Net: NetName=3V3 Pin=DD1-21
Added Pin To Net: NetName=3V3 Pin=DD1-28
Added Pin To Net: NetName=3V3 Pin=R1-2
Added Pin To Net: NetName=3V3 Pin=R3-2
Added Pin To Net: NetName=3V3 Pin=R4-2
Added Pin To Net: NetName=3V3 Pin=R5-2
Added Pin To Net: NetName=3V3 Pin=R6-2
Added Pin To Net: NetName=3V3 Pin=R10-1
Added Pin To Net: NetName=3V3 Pin=X1-1
Added Pin To Net: NetName=3V3 Pin=X2-1
Added Pin To Net: NetName=3V3 Pin=X3-1
Added Pin To Net: NetName=3V3 Pin=XS1-9
Added Pin To Net: NetName=3V3 Pin=XS1-12
Added Net: Name=3V3
Added Pin To Net: NetName=220V_L Pin=D2-2
Added Pin To Net: NetName=220V_L Pin=FU1-2
Added Net: Name=220V_L
Added Pin To Net: NetName=220V_N Pin=D2-1
Added Pin To Net: NetName=220V_N Pin=XP1-2
Added Net: Name=220V_N
Added Pin To Net: NetName=CASE2 Pin=XP1-3
Added Net: Name=CASE2
Added Pin To Net: NetName=ET_INTn Pin=DD1-36
Added Net: Name=ET_INTn
Added Pin To Net: NetName=ET_MISO Pin=DD1-34
Added Net: Name=ET_MISO
Added Pin To Net: NetName=ET_MOSI Pin=DD1-35
Added Net: Name=ET_MOSI
Added Pin To Net: NetName=ET_RSTn Pin=DD1-37
Added Net: Name=ET_RSTn
Added Pin To Net: NetName=ET_SCLK Pin=DD1-33
Added Net: Name=ET_SCLK
Added Pin To Net: NetName=ET_SCSn Pin=DD1-32
Added Net: Name=ET_SCSn
Added Pin To Net: NetName=GND Pin=C3-2
Added Pin To Net: NetName=GND Pin=C4-1
Added Pin To Net: NetName=GND Pin=C5-1
Added Pin To Net: NetName=GND Pin=C6-1
Added Pin To Net: NetName=GND Pin=C7-1
Added Pin To Net: NetName=GND Pin=C8-1
Added Pin To Net: NetName=GND Pin=C22-1
Added Pin To Net: NetName=GND Pin=D1-1
Added Pin To Net: NetName=GND Pin=D1-8
Added Pin To Net: NetName=GND Pin=D1-10
Added Pin To Net: NetName=GND Pin=D2-3
Added Pin To Net: NetName=GND Pin=DD1-3
Added Pin To Net: NetName=GND Pin=DD1-9
Added Pin To Net: NetName=GND Pin=DD1-14
Added Pin To Net: NetName=GND Pin=DD1-16
Added Pin To Net: NetName=GND Pin=DD1-19
Added Pin To Net: NetName=GND Pin=DD1-29
Added Pin To Net: NetName=GND Pin=DD1-48
Added Pin To Net: NetName=GND Pin=HL1-2
Added Pin To Net: NetName=GND Pin=HL2-2
Added Pin To Net: NetName=GND Pin=R8-1
Added Pin To Net: NetName=GND Pin=SW1-1
Added Pin To Net: NetName=GND Pin=SW1-1
Added Pin To Net: NetName=GND Pin=XP2-3
Added Pin To Net: NetName=GND Pin=XS1-4
Added Pin To Net: NetName=GND Pin=XS1-5
Added Pin To Net: NetName=GND Pin=XW1-2
Added Pin To Net: NetName=GND Pin=XW1-2
Added Net: Name=GND
Added Pin To Net: NetName=LORA_DIO0 Pin=D1-14
Added Net: Name=LORA_DIO0
Added Pin To Net: NetName=LORA_DIO1 Pin=D1-15
Added Net: Name=LORA_DIO1
Added Pin To Net: NetName=LORA_MISO Pin=D1-2
Added Net: Name=LORA_MISO
Added Pin To Net: NetName=LORA_MOSI Pin=D1-3
Added Net: Name=LORA_MOSI
Added Pin To Net: NetName=LORA_NSS Pin=D1-5
Added Net: Name=LORA_NSS
Added Pin To Net: NetName=LORA_RST Pin=D1-6
Added Net: Name=LORA_RST
Added Pin To Net: NetName=LORA_SCK Pin=D1-4
Added Net: Name=LORA_SCK
Added Pin To Net: NetName=NetC15_2 Pin=C15-2
Added Pin To Net: NetName=NetC15_2 Pin=R6-1
Added Pin To Net: NetName=NetC15_2 Pin=XS1-3
Added Net: Name=NetC15_2
Added Pin To Net: NetName=NetC22_2 Pin=C22-2
Added Pin To Net: NetName=NetC22_2 Pin=R7-1
Added Pin To Net: NetName=NetC22_2 Pin=R9-1
Added Pin To Net: NetName=NetC22_2 Pin=XS1-6
Added Net: Name=NetC22_2
Added Pin To Net: NetName=NetD1_9 Pin=D1-9
Added Pin To Net: NetName=NetD1_9 Pin=XW1-1
Added Net: Name=NetD1_9
Added Pin To Net: NetName=NetDD1_43 Pin=DD1-43
Added Pin To Net: NetName=NetDD1_43 Pin=X3-2
Added Net: Name=NetDD1_43
Added Pin To Net: NetName=NetDD1_44 Pin=DD1-44
Added Pin To Net: NetName=NetDD1_44 Pin=X2-2
Added Net: Name=NetDD1_44
Added Pin To Net: NetName=NetDD1_45 Pin=DD1-45
Added Pin To Net: NetName=NetDD1_45 Pin=X1-2
Added Net: Name=NetDD1_45
Added Pin To Net: NetName=NetFU1_1 Pin=FU1-1
Added Pin To Net: NetName=NetFU1_1 Pin=XP1-1
Added Net: Name=NetFU1_1
Added Pin To Net: NetName=NetHL1_1 Pin=HL1-1
Added Pin To Net: NetName=NetHL1_1 Pin=R2-1
Added Net: Name=NetHL1_1
Added Pin To Net: NetName=NetHL2_1 Pin=HL2-1
Added Pin To Net: NetName=NetHL2_1 Pin=R3-1
Added Net: Name=NetHL2_1
Added Pin To Net: NetName=NetR11_1 Pin=R11-1
Added Pin To Net: NetName=NetR11_1 Pin=XS1-10
Added Net: Name=NetR11_1
Added Pin To Net: NetName=NetR12_2 Pin=R12-2
Added Pin To Net: NetName=NetR12_2 Pin=XS1-11
Added Net: Name=NetR12_2
Added Pin To Net: NetName=R\S\T\ Pin=C2-2
Added Pin To Net: NetName=R\S\T\ Pin=R1-1
Added Pin To Net: NetName=R\S\T\ Pin=SW1-2
Added Pin To Net: NetName=R\S\T\ Pin=SW1-2
Added Net: Name=R\S\T\
Added Pin To Net: NetName=RD1_N Pin=C21-1
Added Pin To Net: NetName=RD1_N Pin=DD1-5
Added Pin To Net: NetName=RD1_N Pin=R9-2
Added Net: Name=RD1_N
Added Pin To Net: NetName=RD1_P Pin=C18-1
Added Pin To Net: NetName=RD1_P Pin=DD1-6
Added Pin To Net: NetName=RD1_P Pin=R7-2
Added Net: Name=RD1_P
Added Pin To Net: NetName=RD_N Pin=C21-2
Added Pin To Net: NetName=RD_N Pin=XS1-8
Added Net: Name=RD_N
Added Pin To Net: NetName=RD_P Pin=C18-2
Added Pin To Net: NetName=RD_P Pin=XS1-7
Added Net: Name=RD_P
Added Pin To Net: NetName=STM_READY Pin=R2-2
Added Net: Name=STM_READY
Added Pin To Net: NetName=SWCLK Pin=XP2-1
Added Net: Name=SWCLK
Added Pin To Net: NetName=SWDIO Pin=XP2-2
Added Net: Name=SWDIO
Added Pin To Net: NetName=TD1_N Pin=R4-1
Added Pin To Net: NetName=TD1_N Pin=XS1-1
Added Net: Name=TD1_N
Added Pin To Net: NetName=TD1_P Pin=R5-1
Added Pin To Net: NetName=TD1_P Pin=XS1-2
Added Net: Name=TD1_P
Added Pin To Net: NetName=UART_RX Pin=XP2-5
Added Net: Name=UART_RX
Added Pin To Net: NetName=UART_TX Pin=XP2-4
Added Net: Name=UART_TX
Added Class: Name=Sheet2
Added Differential Pair: Name=RD1
Added Differential Pair: Name=RD
Added Differential Pair: Name=TD1
Added Room: Name=Sheet2
