Removed Pin From Net: NetName=3V3 Pin=DD3-8
Removed Member From Class: ClassName=Sheet2 Member=DD3
Added Component: Designator=IC?(SOIC127P600X175-8N)
Add component (AddParameter): Name = "Arrow Part Number"; Value = "24LC1026-I/SN"; VariantName = "[No Variations]"
Add component (AddParameter): Name = "Arrow Price/Stock"; Value = "https://www.arrow.com/en/products/24lc1026-isn/microchip-technology"; VariantName = "[No Variations]"
Add component (AddParameter): Name = "Datasheet Link"; Value = "https://componentsearchengine.com/Datasheets/2/24LC1026-I_SN.pdf"; VariantName = "[No Variations]"
Add component (AddParameter): Name = "Height"; Value = "1.75mm"; VariantName = "[No Variations]"
Add component (AddParameter): Name = "Manufacturer_Name"; Value = "Microchip"; VariantName = "[No Variations]"
Add component (AddParameter): Name = "Manufacturer_Part_Number"; Value = "24LC1026-I/SN"; VariantName = "[No Variations]"
Add component (AddParameter): Name = "Mouser Part Number"; Value = "579-24LC1026-I/SN"; VariantName = "[No Variations]"
Add component (AddParameter): Name = "Mouser Price/Stock"; Value = "https://www.mouser.co.uk/ProductDetail/Microchip-Technology/24LC1026-I-SN?qs=uHi2%2FQoPa5AHb5C3N5zZbQ%3D%3D"; VariantName = "[No Variations]"
Added Pin To Net: NetName=ET_RSTn Pin=DD2-21
Added Pin To Net: NetName=ET_SCSn Pin=DD2-22
Added Pin To Net: NetName=ET_INTn Pin=DD2-25
Added Pin To Net: NetName=UART_TX Pin=DD2-30
Added Pin To Net: NetName=UART_RX Pin=DD2-31
Added Pin To Net: NetName=STM_READY Pin=DD2-41
Added Pin To Net: NetName=ERROR Pin=DD2-42
Added Pin To Net: NetName=LORA_TX Pin=DD2-43
Added Pin To Net: NetName=LORA_RST Pin=DD2-45
Added Pin To Net: NetName=LORA_NSS Pin=DD2-46
Added Pin To Net: NetName=COMM_MISO Pin=DD2-27
Added Net: Name=COMM_MISO
Added Pin To Net: NetName=COMM_MOSI Pin=DD2-28
Added Net: Name=COMM_MOSI
Added Pin To Net: NetName=COMM_SCK Pin=DD2-26
Added Net: Name=COMM_SCK
Added Pin To Net: NetName=FLASH_CS Pin=DD2-14
Added Net: Name=FLASH_CS
Added Pin To Net: NetName=FLASH_MISO Pin=DD2-16
Added Net: Name=FLASH_MISO
Added Pin To Net: NetName=FLASH_MOSI Pin=DD2-17
Added Net: Name=FLASH_MOSI
Added Pin To Net: NetName=FLASH_SCK Pin=DD2-15
Added Net: Name=FLASH_SCK
Added Member To Class: ClassName=Sheet2 Member=Component C16 6800
Added Member To Class: ClassName=Sheet2 Member=Component C17 4,7לך
Added Member To Class: ClassName=Sheet2 Member=Component C18 0.01
Added Member To Class: ClassName=Sheet2 Member=Component C19 6800
Added Member To Class: ClassName=Sheet2 Member=Component C20 0.01
Added Member To Class: ClassName=Sheet2 Member=Component HL1 BL-HJD36A-AV
Added Member To Class: ClassName=Sheet2 Member=Component HL2 BL-HKC36A-AV
Added Member To Class: ClassName=Sheet2 Member=Component IC? 24LC1026-I_SN
Added Member To Class: ClassName=Sheet2 Member=Component R2 2,2 ך
Added Member To Class: ClassName=Sheet2 Member=Component R3 2,2 ך
Added Member To Class: ClassName=Sheet2 Member=Component R4 2,2 ך
Added Member To Class: ClassName=Sheet2 Member=Component R5 2,2 ך
Added Member To Class: ClassName=Sheet2 Member=Component R6 49.9
Added Member To Class: ClassName=Sheet2 Member=Component R7 49.9
Added Member To Class: ClassName=Sheet2 Member=Component R8 10
Added Member To Class: ClassName=Sheet2 Member=Component R9 33
Added Member To Class: ClassName=Sheet2 Member=Component R10 33
Added Member To Class: ClassName=Sheet2 Member=Component R11 33
Added Member To Class: ClassName=Sheet2 Member=Component R12 33
Added Member To Class: ClassName=Sheet2 Member=Component X1 KLS5-CR2032-01
Added Member To Class: ClassName=Sheet2 Member=Component X2 Solder_jumper
Added Member To Class: ClassName=Sheet2 Member=Component X3 Solder_jumper
Added Room: Name=Sheet2
