Removed Pin From Net: NetName=NetD1_9 Pin=XW1-2
Added Component: Designator=X?(Solder_jumper)
Added Component: Designator=X?(Solder_jumper)
Added Component: Designator=XW?(SMA)
Added Pin To Net: NetName=NetD1_9 Pin=X?-1
Added Pin To Net: NetName=NetD1_9 Pin=X?-1
Added Pin To Net: NetName=NetX?_2 Pin=X?-2
Added Pin To Net: NetName=NetX?_2 Pin=XW?-2
Added Net: Name=NetX?_2
Added Member To Class: ClassName=Sheet2 Member=Component C3 0,1 לך
Added Member To Class: ClassName=Sheet2 Member=Component C5 0,1 לך
Added Member To Class: ClassName=Sheet2 Member=Component C6 0,1 לך
Added Member To Class: ClassName=Sheet2 Member=Component C7 0,1 לך
Added Member To Class: ClassName=Sheet2 Member=Component C8 0,1 לך
Added Member To Class: ClassName=Sheet2 Member=Component C9 0,1 לך
Added Member To Class: ClassName=Sheet2 Member=Component C10 0,1 לך
Added Member To Class: ClassName=Sheet2 Member=Component C11 0,1 לך
Added Member To Class: ClassName=Sheet2 Member=Component C12 4,7 לך
Added Member To Class: ClassName=Sheet2 Member=Component C14 0.022
Added Member To Class: ClassName=Sheet2 Member=Component C15 6800
Added Member To Class: ClassName=Sheet2 Member=Component C16 2,2 לך
Added Member To Class: ClassName=Sheet2 Member=Component C17 6800
Added Member To Class: ClassName=Sheet2 Member=Component C18 10000
Added Member To Class: ClassName=Sheet2 Member=Component C19 10000
Added Member To Class: ClassName=Sheet2 Member=Component C20 0,1 לך
Added Member To Class: ClassName=Sheet2 Member=Component R6 49,9
Added Member To Class: ClassName=Sheet2 Member=Component X3 KLS5-CR2032-01
Added Member To Class: ClassName=Sheet2 Member=Component X4 Solder_jumper
Added Member To Class: ClassName=Sheet2 Member=Component X5 Solder_jumper
Added Member To Class: ClassName=Sheet2 Member=Component X6 Solder_jumper
Added Member To Class: ClassName=Sheet2 Member=Component X? Solder_jumper
Added Member To Class: ClassName=Sheet2 Member=Component X? Solder_jumper
Added Member To Class: ClassName=Sheet2 Member=Component XW? L-KLS1-SMA001
Added Member To Class: ClassName=Sheet2 Member=Component ZQ2 KX-327S
Added Room: Name=Sheet2
