Removed Pin From Net: NetName=3V3 Pin=X2-1
Added Pin To Net: NetName=GND Pin=C15-1
Added Pin To Net: NetName=TD1_P Pin=DD1-1
Added Pin To Net: NetName=TD1_N Pin=DD1-2
Added Pin To Net: NetName=NetC19_1 Pin=C19-1
Added Pin To Net: NetName=NetC19_1 Pin=DD1-20
Added Net: Name=NetC19_1
Added Pin To Net: NetName=NetC20_1 Pin=C20-1
Added Pin To Net: NetName=NetC20_1 Pin=DD1-22
Added Net: Name=NetC20_1
Added Pin To Net: NetName=NetDD1_10 Pin=DD1-10
Added Pin To Net: NetName=NetDD1_10 Pin=R8-2
Added Net: Name=NetDD1_10
Added Pin To Net: NetName=NetDD1_25 Pin=DD1-25
Added Pin To Net: NetName=NetDD1_25 Pin=R12-1
Added Net: Name=NetDD1_25
Added Pin To Net: NetName=NetDD1_27 Pin=DD1-27
Added Pin To Net: NetName=NetDD1_27 Pin=R11-2
Added Net: Name=NetDD1_27
Added Pin To Net: NetName=NetDD1_30 Pin=DD1-30
Added Pin To Net: NetName=NetDD1_30 Pin=ZQ?-3
Added Net: Name=NetDD1_30
Added Pin To Net: NetName=NetDD1_31 Pin=DD1-31
Added Pin To Net: NetName=NetDD1_31 Pin=ZQ?-1
Added Net: Name=NetDD1_31
Added Member To Class: ClassName=Sheet2 Member=Component R? 33
Added Member To Class: ClassName=Sheet2 Member=Component R? 33
Added Member To Class: ClassName=Sheet2 Member=Component R? 33
Added Room: Name=Sheet2
