Removed Pin From Net: NetName=3V3 Pin=C16-2
Removed Pin From Net: NetName=3V3 Pin=C17-2
Removed Pin From Net: NetName=3V3 Pin=R10-1
Removed Member From Class: ClassName=Sheet2 Member=C21
Removed Member From Class: ClassName=Sheet2 Member=C22
Removed Member From Class: ClassName=Sheet2 Member=R?
Change Component Designator: OldDesignator=C18 NewDesignator=C16
Change Component Designator: OldDesignator=C19 NewDesignator=C17
Change Component Designator: OldDesignator=C20 NewDesignator=C18
Change Component Designator: OldDesignator=C21 NewDesignator=C19
Change Component Designator: OldDesignator=C22 NewDesignator=C20
Change Component Designator: OldDesignator=HL1 NewDesignator=HL3
Change Component Designator: OldDesignator=HL2 NewDesignator=HL4
Change Component Designator: OldDesignator=IC? NewDesignator=DD3
Change Component Designator: OldDesignator=R2 NewDesignator=R4
Change Component Designator: OldDesignator=R3 NewDesignator=R5
Change Component Designator: OldDesignator=R4 NewDesignator=R6
Change Component Designator: OldDesignator=R5 NewDesignator=R7
Change Component Designator: OldDesignator=R6 NewDesignator=R8
Change Component Designator: OldDesignator=R7 NewDesignator=R13
Change Component Designator: OldDesignator=R8 NewDesignator=R14
Change Component Designator: OldDesignator=R9 NewDesignator=R15
Change Component Designator: OldDesignator=R11 NewDesignator=R16
Change Component Designator: OldDesignator=R12 NewDesignator=R17
Change Component Designator: OldDesignator=R? NewDesignator=R9
Change Component Designator: OldDesignator=R? NewDesignator=R10
Change Component Designator: OldDesignator=R? NewDesignator=R11
Change Component Designator: OldDesignator=R? NewDesignator=R12
Change Component Designator: OldDesignator=X1 NewDesignator=X2
Change Component Designator: OldDesignator=X2 NewDesignator=X3
Change Component Designator: OldDesignator=X3 NewDesignator=X4
Change Component Designator: OldDesignator=ZQ? NewDesignator=ZQ2
Added Component: Designator=HL1(LED_0603_RED)
Added Component: Designator=HL2(LED_0603_GREEN)
Added Component: Designator=R2(R_0603)
Add component (AddParameter): Name = "Component Type"; Value = "Resistor"; VariantName = "[No Variations]"
Add component (AddParameter): Name = "ComponentLink1Description"; Value = "Datasheet"; VariantName = "[No Variations]"
Add component (AddParameter): Name = "ComponentLink1URL"; Value = "https://www.bourns.com/pdfs/chpreztr.pdf"; VariantName = "[No Variations]"
Add component (AddParameter): Name = "Manufacturer"; Value = "Bourns Inc."; VariantName = "[No Variations]"
Add component (AddParameter): Name = "Part Number"; Value = "CR0603-FX-2201ELF"; VariantName = "[No Variations]"
Add component (AddParameter): Name = "Value"; Value = "2,2 ê"; VariantName = "[No Variations]"
Added Component: Designator=R3(R_0603)
Add component (AddParameter): Name = "Component Type"; Value = "Resistor"; VariantName = "[No Variations]"
Add component (AddParameter): Name = "ComponentLink1Description"; Value = "Datasheet"; VariantName = "[No Variations]"
Add component (AddParameter): Name = "ComponentLink1URL"; Value = "https://www.bourns.com/pdfs/chpreztr.pdf"; VariantName = "[No Variations]"
Add component (AddParameter): Name = "Manufacturer"; Value = "Bourns Inc."; VariantName = "[No Variations]"
Add component (AddParameter): Name = "Part Number"; Value = "CR0603-FX-2201ELF"; VariantName = "[No Variations]"
Add component (AddParameter): Name = "Value"; Value = "2,2 ê"; VariantName = "[No Variations]"
Added Component: Designator=X1(KLS5-CR2032-01)
Added Pin To Net: NetName=GND Pin=C9-1
Added Pin To Net: NetName=GND Pin=C10-1
Added Pin To Net: NetName=GND Pin=C11-1
Added Pin To Net: NetName=GND Pin=C12-1
Added Pin To Net: NetName=GND Pin=C13-1
Added Pin To Net: NetName=GND Pin=C14-1
Added Pin To Net: NetName=R\S\T\ Pin=DD2-7
Added Pin To Net: NetName=GND Pin=DD2-8
Added Pin To Net: NetName=3V3 Pin=DD2-9
Added Pin To Net: NetName=GND Pin=DD2-23
Added Pin To Net: NetName=3V3 Pin=DD2-24
Added Pin To Net: NetName=GND Pin=DD2-35
Added Pin To Net: NetName=3V3 Pin=DD2-36
Added Pin To Net: NetName=GND Pin=DD2-44
Added Pin To Net: NetName=GND Pin=DD2-47
Added Pin To Net: NetName=3V3 Pin=DD2-48
Added Pin To Net: NetName=GND Pin=HL1-2
Added Pin To Net: NetName=GND Pin=HL2-2
Added Pin To Net: NetName=GND Pin=X1-1
Change Net Name : Old Net Name=NetC19_1 New Net Name=NetC17_1
Change Net Name : Old Net Name=NetC20_1 New Net Name=NetC18_1
Change Net Name : Old Net Name=NetC22_2 New Net Name=NetC20_2
Change Net Name : Old Net Name=NetHL1_1 New Net Name=NetHL3_1
Change Net Name : Old Net Name=NetHL2_1 New Net Name=NetHL4_1
Change Net Name : Old Net Name=NetR11_1 New Net Name=NetR16_1
Change Net Name : Old Net Name=NetR12_2 New Net Name=NetR17_2
Added Pin To Net: NetName=ERROR Pin=R2-2
Added Net: Name=ERROR
Added Pin To Net: NetName=FL_CS Pin=DD3-1
Added Net: Name=FL_CS
Added Pin To Net: NetName=FL_HOLD Pin=DD3-7
Added Net: Name=FL_HOLD
Added Pin To Net: NetName=FL_SCLK Pin=DD3-6
Added Net: Name=FL_SCLK
Added Pin To Net: NetName=FL_SI Pin=DD3-5
Added Net: Name=FL_SI
Added Pin To Net: NetName=FL_SO Pin=DD3-2
Added Net: Name=FL_SO
Added Pin To Net: NetName=FL_WP Pin=DD3-3
Added Net: Name=FL_WP
Added Pin To Net: NetName=LORA_TX Pin=R3-2
Added Net: Name=LORA_TX
Added Pin To Net: NetName=NetDD2_5 Pin=DD2-5
Added Pin To Net: NetName=NetDD2_5 Pin=ZQ1-3
Added Net: Name=NetDD2_5
Added Pin To Net: NetName=NetDD2_6 Pin=DD2-6
Added Pin To Net: NetName=NetDD2_6 Pin=ZQ1-1
Added Net: Name=NetDD2_6
Added Pin To Net: NetName=NetHL1_1 Pin=HL1-1
Added Pin To Net: NetName=NetHL1_1 Pin=R2-1
Added Net: Name=NetHL1_1
Added Pin To Net: NetName=NetHL2_1 Pin=HL2-1
Added Pin To Net: NetName=NetHL2_1 Pin=R3-1
Added Net: Name=NetHL2_1
Added Pin To Net: NetName=VBAT Pin=DD2-1
Added Pin To Net: NetName=VBAT Pin=X1-2
Added Net: Name=VBAT
Added Member To Class: ClassName=Sheet2 Member=Component HL3 BL-LS0805PGC
Added Member To Class: ClassName=Sheet2 Member=Component HL4 BL-LS0805PGC
Added Member To Class: ClassName=Sheet2 Member=Component R13 49.9
Added Member To Class: ClassName=Sheet2 Member=Component R14 12,4ê
Added Member To Class: ClassName=Sheet2 Member=Component R15 49.9
Added Member To Class: ClassName=Sheet2 Member=Component R16 330
Added Member To Class: ClassName=Sheet2 Member=Component R17 330
Added Member To Class: ClassName=Sheet2 Member=Component X4 Solder_jumper
