Removed Pin From Net: NetName=RD1_N Pin=DD1-5
Removed Pin From Net: NetName=RD1_P Pin=DD1-6
Removed Pin From Net: NetName=TD1_N Pin=R4-1
Removed Pin From Net: NetName=TD1_P Pin=R5-1
Removed Pin From Net: NetName=TD1_N Pin=XS1-1
Removed Pin From Net: NetName=TD1_P Pin=XS1-2
Removed Member From Class: ClassName=Sheet2 Member=ZQ2
Added Component: Designator=R?(R_0603)
Add component (AddParameter): Name = "Component Type"; Value = "Resistor"; VariantName = "[No Variations]"
Add component (AddParameter): Name = "ComponentLink1Description"; Value = "Datasheet"; VariantName = "[No Variations]"
Add component (AddParameter): Name = "ComponentLink1URL"; Value = "https://www.bourns.com/pdfs/chpreztr.pdf"; VariantName = "[No Variations]"
Add component (AddParameter): Name = "Manufacturer"; Value = "Bourns Inc."; VariantName = "[No Variations]"
Add component (AddParameter): Name = "Part Number"; Value = "CR0603-FX-33R0ELF"; VariantName = "[No Variations]"
Add component (AddParameter): Name = "Value"; Value = "33"; VariantName = "[No Variations]"
Added Component: Designator=R?(R_0603)
Add component (AddParameter): Name = "Component Type"; Value = "Resistor"; VariantName = "[No Variations]"
Add component (AddParameter): Name = "ComponentLink1Description"; Value = "Datasheet"; VariantName = "[No Variations]"
Add component (AddParameter): Name = "ComponentLink1URL"; Value = "https://www.bourns.com/pdfs/chpreztr.pdf"; VariantName = "[No Variations]"
Add component (AddParameter): Name = "Manufacturer"; Value = "Bourns Inc."; VariantName = "[No Variations]"
Add component (AddParameter): Name = "Part Number"; Value = "CR0603-FX-33R0ELF"; VariantName = "[No Variations]"
Add component (AddParameter): Name = "Value"; Value = "33"; VariantName = "[No Variations]"
Added Component: Designator=R?(R_0603)
Add component (AddParameter): Name = "Component Type"; Value = "Resistor"; VariantName = "[No Variations]"
Add component (AddParameter): Name = "ComponentLink1Description"; Value = "Datasheet"; VariantName = "[No Variations]"
Add component (AddParameter): Name = "ComponentLink1URL"; Value = "https://www.bourns.com/pdfs/chpreztr.pdf"; VariantName = "[No Variations]"
Add component (AddParameter): Name = "Manufacturer"; Value = "Bourns Inc."; VariantName = "[No Variations]"
Add component (AddParameter): Name = "Part Number"; Value = "CR0603-FX-33R0ELF"; VariantName = "[No Variations]"
Add component (AddParameter): Name = "Value"; Value = "33"; VariantName = "[No Variations]"
Added Component: Designator=R?(R_0603)
Add component (AddParameter): Name = "Component Type"; Value = "Resistor"; VariantName = "[No Variations]"
Add component (AddParameter): Name = "ComponentLink1Description"; Value = "Datasheet"; VariantName = "[No Variations]"
Add component (AddParameter): Name = "ComponentLink1URL"; Value = "https://www.bourns.com/pdfs/chpreztr.pdf"; VariantName = "[No Variations]"
Add component (AddParameter): Name = "Manufacturer"; Value = "Bourns Inc."; VariantName = "[No Variations]"
Add component (AddParameter): Name = "Part Number"; Value = "CR0603-FX-33R0ELF"; VariantName = "[No Variations]"
Add component (AddParameter): Name = "Value"; Value = "33"; VariantName = "[No Variations]"
Added Component: Designator=ZQ?(MJ CRYSTAL)
Added Pin To Net: NetName=RD1_N Pin=R?-1
Added Pin To Net: NetName=RD1_P Pin=R?-1
Added Pin To Net: NetName=TD1_N Pin=R?-2
Added Pin To Net: NetName=TD1_P Pin=R?-2
Added Pin To Net: NetName=RD2_N Pin=DD1-5
Added Pin To Net: NetName=RD2_N Pin=R?-2
Added Net: Name=RD2_N
Added Pin To Net: NetName=RD2_P Pin=DD1-6
Added Pin To Net: NetName=RD2_P Pin=R?-2
Added Net: Name=RD2_P
Added Pin To Net: NetName=TD_N Pin=R5-1
Added Pin To Net: NetName=TD_N Pin=R?-1
Added Pin To Net: NetName=TD_N Pin=XS1-2
Added Net: Name=TD_N
Added Pin To Net: NetName=TD_P Pin=R4-1
Added Pin To Net: NetName=TD_P Pin=R?-1
Added Pin To Net: NetName=TD_P Pin=XS1-1
Added Net: Name=TD_P
Added Differential Pair: Name=RD2
Added Differential Pair: Name=TD
Added Member To Class: ClassName=Sheet2 Member=Component R? 33
Added Member To Class: ClassName=Sheet2 Member=Component R? 33
Added Member To Class: ClassName=Sheet2 Member=Component R? 33
Added Member To Class: ClassName=Sheet2 Member=Component R? 33
Added Member To Class: ClassName=Sheet2 Member=Component ZQ? 25 ÌÃö
Added Room: Name=Sheet2
